Running main() from /tmp/tmptb1mm203/student/unit_tests/lib/googletest/src/gtest_main.cc
[==========] Running 14 tests from 1 test suite.
[----------] Global test environment set-up.
[----------] 14 tests from SimpleStringTester
[ RUN      ] SimpleStringTester.constructionWithDefaultConstructor_expectedAllElementsAreZero
[       OK ] SimpleStringTester.constructionWithDefaultConstructor_expectedAllElementsAreZero (0 ms)
[ RUN      ] SimpleStringTester.constructionFromText_expectedDataCopied
[       OK ] SimpleStringTester.constructionFromText_expectedDataCopied (0 ms)
[ RUN      ] SimpleStringTester.constructionFromEmptyText_expectedEmptyTextCopied
[       OK ] SimpleStringTester.constructionFromEmptyText_expectedEmptyTextCopied (0 ms)
[ RUN      ] SimpleStringTester.copyConstruction_expectedDataCopied
[       OK ] SimpleStringTester.copyConstruction_expectedDataCopied (0 ms)
[ RUN      ] SimpleStringTester.destructor_expectedMemoryFreed
[       OK ] SimpleStringTester.destructor_expectedMemoryFreed (0 ms)
[ RUN      ] SimpleStringTester.instanceMethod_expectedCountedAllLivingInstances
[       OK ] SimpleStringTester.instanceMethod_expectedCountedAllLivingInstances (0 ms)
[ RUN      ] SimpleStringTester.assign_expectedNewTextSet
[       OK ] SimpleStringTester.assign_expectedNewTextSet (0 ms)
[ RUN      ] SimpleStringTester.equalToWithoutIgnoringCases
[       OK ] SimpleStringTester.equalToWithoutIgnoringCases (0 ms)
[ RUN      ] SimpleStringTester.equalToWithDifferentCaseSettings
[       OK ] SimpleStringTester.equalToWithDifferentCaseSettings (0 ms)
[ RUN      ] SimpleStringTester.appendOneTextAnotherOne_expectedBothTextMerged
[       OK ] SimpleStringTester.appendOneTextAnotherOne_expectedBothTextMerged (0 ms)
[ RUN      ] SimpleStringTester.substr_expectedPartOfTextReturned
[       OK ] SimpleStringTester.substr_expectedPartOfTextReturned (0 ms)
[ RUN      ] SimpleStringTester.movingConstructor
/tmp/tmptb1mm203/student/unit_tests/simpleStringTests.cpp:269: Failure
Expected equality of these values:
  ""
  text.c_str()
    Which is: NULL

[  FAILED  ] SimpleStringTester.movingConstructor (0 ms)
[ RUN      ] SimpleStringTester.compareTextWithCases_expectedComparingWorks
[       OK ] SimpleStringTester.compareTextWithCases_expectedComparingWorks (0 ms)
[ RUN      ] SimpleStringTester.compareTextWithoutCases_expectedComparingWorks
[       OK ] SimpleStringTester.compareTextWithoutCases_expectedComparingWorks (0 ms)
[----------] 14 tests from SimpleStringTester (2 ms total)

[----------] Global test environment tear-down
[==========] 14 tests from 1 test suite ran. (3 ms total)
[  PASSED  ] 13 tests.
[  FAILED  ] 1 test, listed below:
[  FAILED  ] SimpleStringTester.movingConstructor

 1 FAILED TEST

=================================================================
==179==ERROR: LeakSanitizer: detected memory leaks

Direct leak of 10 byte(s) in 10 object(s) allocated from:
    #0 0x7f16353d4fdf in __interceptor_malloc ../../../../src/libsanitizer/asan/asan_malloc_linux.cpp:69
    #1 0x55814549ba57 in operator new[](unsigned long) /tmp/tmptb1mm203/student/unit_tests/simpleStringTests.cpp:27
    #2 0x5581454b214c in SimpleString::SimpleString() (/tmp/tmptb1mm203/student/build/bin/unit_tests+0x28014c) (BuildId: 87e9b6dae958b2d3721aecdde3ffa4847c152c16)
    #3 0x5581454a16fd in SimpleStringTester_instanceMethod_expectedCountedAllLivingInstances_Test::TestBody() /tmp/tmptb1mm203/student/unit_tests/simpleStringTests.cpp:130
    #4 0x558145605115 in void testing::internal::HandleSehExceptionsInMethodIfSupported<testing::Test, void>(testing::Test*, void (testing::Test::*)(), char const*) /tmp/tmptb1mm203/student/unit_tests/lib/googletest/src/gtest.cc:2653
    #5 0x5581455d7e37 in void testing::internal::HandleExceptionsInMethodIfSupported<testing::Test, void>(testing::Test*, void (testing::Test::*)(), char const*) /tmp/tmptb1mm203/student/unit_tests/lib/googletest/src/gtest.cc:2689
    #6 0x55814551748d in testing::Test::Run() /tmp/tmptb1mm203/student/unit_tests/lib/googletest/src/gtest.cc:2728
    #7 0x55814551b25a in testing::TestInfo::Run() /tmp/tmptb1mm203/student/unit_tests/lib/googletest/src/gtest.cc:2874
    #8 0x55814551fb05 in testing::TestSuite::Run() /tmp/tmptb1mm203/student/unit_tests/lib/googletest/src/gtest.cc:3052
    #9 0x55814556b619 in testing::internal::UnitTestImpl::RunAllTests() /tmp/tmptb1mm203/student/unit_tests/lib/googletest/src/gtest.cc:6004
    #10 0x55814560c009 in bool testing::internal::HandleSehExceptionsInMethodIfSupported<testing::internal::UnitTestImpl, bool>(testing::internal::UnitTestImpl*, bool (testing::internal::UnitTestImpl::*)(), char const*) /tmp/tmptb1mm203/student/unit_tests/lib/googletest/src/gtest.cc:2653
    #11 0x5581455de326 in bool testing::internal::HandleExceptionsInMethodIfSupported<testing::internal::UnitTestImpl, bool>(testing::internal::UnitTestImpl*, bool (testing::internal::UnitTestImpl::*)(), char const*) /tmp/tmptb1mm203/student/unit_tests/lib/googletest/src/gtest.cc:2689
    #12 0x55814555da87 in testing::UnitTest::Run() /tmp/tmptb1mm203/student/unit_tests/lib/googletest/src/gtest.cc:5583
    #13 0x55814566d856 in RUN_ALL_TESTS() /tmp/tmptb1mm203/student/unit_tests/lib/googletest/include/gtest/gtest.h:2334
    #14 0x55814566d6a3 in main /tmp/tmptb1mm203/student/unit_tests/lib/googletest/src/gtest_main.cc:64
    #15 0x7f163476ed8f in __libc_start_call_main ../sysdeps/nptl/libc_start_call_main.h:58

Direct leak of 1 byte(s) in 1 object(s) allocated from:
    #0 0x7f16353d4fdf in __interceptor_malloc ../../../../src/libsanitizer/asan/asan_malloc_linux.cpp:69
    #1 0x55814549ba57 in operator new[](unsigned long) /tmp/tmptb1mm203/student/unit_tests/simpleStringTests.cpp:27
    #2 0x5581454b214c in SimpleString::SimpleString() (/tmp/tmptb1mm203/student/build/bin/unit_tests+0x28014c) (BuildId: 87e9b6dae958b2d3721aecdde3ffa4847c152c16)
    #3 0x5581454a1004 in SimpleStringTester_instanceMethod_expectedCountedAllLivingInstances_Test::TestBody() /tmp/tmptb1mm203/student/unit_tests/simpleStringTests.cpp:124
    #4 0x558145605115 in void testing::internal::HandleSehExceptionsInMethodIfSupported<testing::Test, void>(testing::Test*, void (testing::Test::*)(), char const*) /tmp/tmptb1mm203/student/unit_tests/lib/googletest/src/gtest.cc:2653
    #5 0x5581455d7e37 in void testing::internal::HandleExceptionsInMethodIfSupported<testing::Test, void>(testing::Test*, void (testing::Test::*)(), char const*) /tmp/tmptb1mm203/student/unit_tests/lib/googletest/src/gtest.cc:2689
    #6 0x55814551748d in testing::Test::Run() /tmp/tmptb1mm203/student/unit_tests/lib/googletest/src/gtest.cc:2728
    #7 0x55814551b25a in testing::TestInfo::Run() /tmp/tmptb1mm203/student/unit_tests/lib/googletest/src/gtest.cc:2874
    #8 0x55814551fb05 in testing::TestSuite::Run() /tmp/tmptb1mm203/student/unit_tests/lib/googletest/src/gtest.cc:3052
    #9 0x55814556b619 in testing::internal::UnitTestImpl::RunAllTests() /tmp/tmptb1mm203/student/unit_tests/lib/googletest/src/gtest.cc:6004
    #10 0x55814560c009 in bool testing::internal::HandleSehExceptionsInMethodIfSupported<testing::internal::UnitTestImpl, bool>(testing::internal::UnitTestImpl*, bool (testing::internal::UnitTestImpl::*)(), char const*) /tmp/tmptb1mm203/student/unit_tests/lib/googletest/src/gtest.cc:2653
    #11 0x5581455de326 in bool testing::internal::HandleExceptionsInMethodIfSupported<testing::internal::UnitTestImpl, bool>(testing::internal::UnitTestImpl*, bool (testing::internal::UnitTestImpl::*)(), char const*) /tmp/tmptb1mm203/student/unit_tests/lib/googletest/src/gtest.cc:2689
    #12 0x55814555da87 in testing::UnitTest::Run() /tmp/tmptb1mm203/student/unit_tests/lib/googletest/src/gtest.cc:5583
    #13 0x55814566d856 in RUN_ALL_TESTS() /tmp/tmptb1mm203/student/unit_tests/lib/googletest/include/gtest/gtest.h:2334
    #14 0x55814566d6a3 in main /tmp/tmptb1mm203/student/unit_tests/lib/googletest/src/gtest_main.cc:64
    #15 0x7f163476ed8f in __libc_start_call_main ../sysdeps/nptl/libc_start_call_main.h:58

Direct leak of 1 byte(s) in 1 object(s) allocated from:
    #0 0x7f16353d4fdf in __interceptor_malloc ../../../../src/libsanitizer/asan/asan_malloc_linux.cpp:69
    #1 0x55814549ba57 in operator new[](unsigned long) /tmp/tmptb1mm203/student/unit_tests/simpleStringTests.cpp:27
    #2 0x5581454b214c in SimpleString::SimpleString() (/tmp/tmptb1mm203/student/build/bin/unit_tests+0x28014c) (BuildId: 87e9b6dae958b2d3721aecdde3ffa4847c152c16)
    #3 0x5581454b3e2f in SimpleString::substr(unsigned long, unsigned long) const (/tmp/tmptb1mm203/student/build/bin/unit_tests+0x281e2f) (BuildId: 87e9b6dae958b2d3721aecdde3ffa4847c152c16)
    #4 0x5581454a8317 in SimpleStringTester_substr_expectedPartOfTextReturned_Test::TestBody() /tmp/tmptb1mm203/student/unit_tests/simpleStringTests.cpp:251
    #5 0x558145605115 in void testing::internal::HandleSehExceptionsInMethodIfSupported<testing::Test, void>(testing::Test*, void (testing::Test::*)(), char const*) /tmp/tmptb1mm203/student/unit_tests/lib/googletest/src/gtest.cc:2653
    #6 0x5581455d7e37 in void testing::internal::HandleExceptionsInMethodIfSupported<testing::Test, void>(testing::Test*, void (testing::Test::*)(), char const*) /tmp/tmptb1mm203/student/unit_tests/lib/googletest/src/gtest.cc:2689
    #7 0x55814551748d in testing::Test::Run() /tmp/tmptb1mm203/student/unit_tests/lib/googletest/src/gtest.cc:2728
    #8 0x55814551b25a in testing::TestInfo::Run() /tmp/tmptb1mm203/student/unit_tests/lib/googletest/src/gtest.cc:2874
    #9 0x55814551fb05 in testing::TestSuite::Run() /tmp/tmptb1mm203/student/unit_tests/lib/googletest/src/gtest.cc:3052
    #10 0x55814556b619 in testing::internal::UnitTestImpl::RunAllTests() /tmp/tmptb1mm203/student/unit_tests/lib/googletest/src/gtest.cc:6004
    #11 0x55814560c009 in bool testing::internal::HandleSehExceptionsInMethodIfSupported<testing::internal::UnitTestImpl, bool>(testing::internal::UnitTestImpl*, bool (testing::internal::UnitTestImpl::*)(), char const*) /tmp/tmptb1mm203/student/unit_tests/lib/googletest/src/gtest.cc:2653
    #12 0x5581455de326 in bool testing::internal::HandleExceptionsInMethodIfSupported<testing::internal::UnitTestImpl, bool>(testing::internal::UnitTestImpl*, bool (testing::internal::UnitTestImpl::*)(), char const*) /tmp/tmptb1mm203/student/unit_tests/lib/googletest/src/gtest.cc:2689
    #13 0x55814555da87 in testing::UnitTest::Run() /tmp/tmptb1mm203/student/unit_tests/lib/googletest/src/gtest.cc:5583
    #14 0x55814566d856 in RUN_ALL_TESTS() /tmp/tmptb1mm203/student/unit_tests/lib/googletest/include/gtest/gtest.h:2334
    #15 0x55814566d6a3 in main /tmp/tmptb1mm203/student/unit_tests/lib/googletest/src/gtest_main.cc:64
    #16 0x7f163476ed8f in __libc_start_call_main ../sysdeps/nptl/libc_start_call_main.h:58

Direct leak of 1 byte(s) in 1 object(s) allocated from:
    #0 0x7f16353d4fdf in __interceptor_malloc ../../../../src/libsanitizer/asan/asan_malloc_linux.cpp:69
    #1 0x55814549ba57 in operator new[](unsigned long) /tmp/tmptb1mm203/student/unit_tests/simpleStringTests.cpp:27
    #2 0x5581454b214c in SimpleString::SimpleString() (/tmp/tmptb1mm203/student/build/bin/unit_tests+0x28014c) (BuildId: 87e9b6dae958b2d3721aecdde3ffa4847c152c16)
    #3 0x55814549bbd1 in SimpleStringTester_constructionWithDefaultConstructor_expectedAllElementsAreZero_Test::TestBody() /tmp/tmptb1mm203/student/unit_tests/simpleStringTests.cpp:42
    #4 0x558145605115 in void testing::internal::HandleSehExceptionsInMethodIfSupported<testing::Test, void>(testing::Test*, void (testing::Test::*)(), char const*) /tmp/tmptb1mm203/student/unit_tests/lib/googletest/src/gtest.cc:2653
    #5 0x5581455d7e37 in void testing::internal::HandleExceptionsInMethodIfSupported<testing::Test, void>(testing::Test*, void (testing::Test::*)(), char const*) /tmp/tmptb1mm203/student/unit_tests/lib/googletest/src/gtest.cc:2689
    #6 0x55814551748d in testing::Test::Run() /tmp/tmptb1mm203/student/unit_tests/lib/googletest/src/gtest.cc:2728
    #7 0x55814551b25a in testing::TestInfo::Run() /tmp/tmptb1mm203/student/unit_tests/lib/googletest/src/gtest.cc:2874
    #8 0x55814551fb05 in testing::TestSuite::Run() /tmp/tmptb1mm203/student/unit_tests/lib/googletest/src/gtest.cc:3052
    #9 0x55814556b619 in testing::internal::UnitTestImpl::RunAllTests() /tmp/tmptb1mm203/student/unit_tests/lib/googletest/src/gtest.cc:6004
    #10 0x55814560c009 in bool testing::internal::HandleSehExceptionsInMethodIfSupported<testing::internal::UnitTestImpl, bool>(testing::internal::UnitTestImpl*, bool (testing::internal::UnitTestImpl::*)(), char const*) /tmp/tmptb1mm203/student/unit_tests/lib/googletest/src/gtest.cc:2653
    #11 0x5581455de326 in bool testing::internal::HandleExceptionsInMethodIfSupported<testing::internal::UnitTestImpl, bool>(testing::internal::UnitTestImpl*, bool (testing::internal::UnitTestImpl::*)(), char const*) /tmp/tmptb1mm203/student/unit_tests/lib/googletest/src/gtest.cc:2689
    #12 0x55814555da87 in testing::UnitTest::Run() /tmp/tmptb1mm203/student/unit_tests/lib/googletest/src/gtest.cc:5583
    #13 0x55814566d856 in RUN_ALL_TESTS() /tmp/tmptb1mm203/student/unit_tests/lib/googletest/include/gtest/gtest.h:2334
    #14 0x55814566d6a3 in main /tmp/tmptb1mm203/student/unit_tests/lib/googletest/src/gtest_main.cc:64
    #15 0x7f163476ed8f in __libc_start_call_main ../sysdeps/nptl/libc_start_call_main.h:58

SUMMARY: AddressSanitizer: 13 byte(s) leaked in 13 allocation(s).
